<?xml version="1.0" encoding="UTF-8"?>
<!-- Generated by org.testng.reporters.JUnitXMLReporter -->
<testsuite hostname="2LY89F2" ignored="0" name="Regression Suite" tests="3" failures="0" timestamp="13 Nov 2017 13:38:08 GMT" time="134.015" errors="0">
  <testcase name="VerifyLoginThroughAdminUserRole" time="71.244" classname="com.amplify.test.suite1.TC001_VerifyAddLoanFunctionality"/>
  <testcase name="VerifyAdditionOfLoanThroughAdminRole" time="8.566" classname="com.amplify.test.suite1.TC001_VerifyAddLoanFunctionality"/>
  <testcase name="ValidateAssignLoantoUnderwriterRole" time="45.302" classname="com.amplify.test.suite1.TC002_VerifyingFileAssignmentFunctionality"/>
</testsuite> <!-- Regression Suite -->
