<?xml version="1.0" encoding="UTF-8"?>
<!-- Generated by org.testng.reporters.JUnitXMLReporter -->
<testsuite hostname="2LY89F2" ignored="0" name="test1" tests="5" failures="0" timestamp="10 Oct 2017 08:45:22 GMT" time="119.613" errors="0">
  <testcase name="VerifyLoginThroughUnderwriterUserRole" time="52.454" classname="com.amplify.test.suite1.TC001_VerifyTasksForUnderwriter"/>
  <testcase name="VerifyOpeningOfUWTasksForUnderwriter" time="11.622" classname="com.amplify.test.suite1.TC001_VerifyTasksForUnderwriter"/>
  <testcase name="VerifyifOpenedUWTasksPopulatesInMyTasksForUnderwriter" time="12.935" classname="com.amplify.test.suite1.TC001_VerifyTasksForUnderwriter"/>
  <testcase name="VerifyCompletionOfUWTaskForUnderwriter" time="13.578" classname="com.amplify.test.suite1.TC001_VerifyTasksForUnderwriter"/>
  <testcase name="VerifyifClosedUWTasksPopulatesInMyTasksForUnderwriter" time="20.976" classname="com.amplify.test.suite1.TC001_VerifyTasksForUnderwriter"/>
</testsuite> <!-- test1 -->
